<?xml version="1.0" encoding="UTF-8"?>
<!-- Generated by org.testng.reporters.JUnitXMLReporter -->
<testsuite ignored="9" hostname="LAPTOP-P1K0C3AV" failures="0" tests="3" name="Smoke_Test" time="22.731" errors="0" timestamp="2022-01-09T18:13:53 IST">
  <testcase classname="com.crm.autodesk.concttest.CreateContctTest" name="contactCreate" time="5.502"/>
  <testcase classname="com.crm.autodesk.concttest.CreateContctTest" name="demo" time="0.002"/>
  <testcase classname="com.crm.autodesk.orgtest.CreateOrgTest" name="createOrg" time="5.771"/>
  <testcase classname="com.crm.autodesk.orgtest.CreateOrgWithIndustriesAndType" name="createOrg" time="0.0">
    <ignored/>
  </testcase> <!-- createOrg -->
  <testcase classname="com.crm.autodesk.concttest.ContactTC_15" name="tc15" time="0.0">
    <ignored/>
  </testcase> <!-- tc15 -->
  <testcase classname="com.crm.autodesk.concttest.AddContactWithOrganisationAndVerify" name="contactWithOrganisation" time="0.0">
    <ignored/>
  </testcase> <!-- contactWithOrganisation -->
  <testcase classname="com.crm.autodesk.genericutility.BaseClass" name="@AfterSuite closeDbConnection" time="0.0">
    <ignored/>
  </testcase> <!-- @AfterSuite closeDbConnection -->
  <testcase classname="com.crm.autodesk.genericutility.BaseClass" name="@AfterSuite closeDbConnection" time="0.0">
    <ignored/>
  </testcase> <!-- @AfterSuite closeDbConnection -->
  <testcase classname="com.crm.autodesk.genericutility.BaseClass" name="@AfterSuite closeDbConnection" time="0.0">
    <ignored/>
  </testcase> <!-- @AfterSuite closeDbConnection -->
  <testcase classname="com.crm.autodesk.genericutility.BaseClass" name="@AfterSuite closeDbConnection" time="0.0">
    <ignored/>
  </testcase> <!-- @AfterSuite closeDbConnection -->
  <testcase classname="com.crm.autodesk.genericutility.BaseClass" name="@AfterSuite closeDbConnection" time="0.0">
    <ignored/>
  </testcase> <!-- @AfterSuite closeDbConnection -->
  <testcase classname="com.crm.autodesk.concttest.ContactTC_16" name="test16" time="0.0">
    <ignored/>
  </testcase> <!-- test16 -->
</testsuite> <!-- Smoke_Test -->
