<?xml version="1.0" encoding="UTF-8"?>
<!-- Generated by org.testng.reporters.JUnitXMLReporter -->
<testsuite ignored="1" hostname="LAPTOP-P1K0C3AV" failures="0" tests="1" name="SmokeTest" time="11.002" errors="0" timestamp="2022-01-09T17:50:54 IST">
  <testcase classname="com.crm.autodesk.concttest.CreateContctTest" name="contactCreate" time="6.51"/>
  <testcase classname="com.crm.autodesk.concttest.CreateContctTest" name="demo" time="0.0">
    <ignored/>
  </testcase> <!-- demo -->
</testsuite> <!-- SmokeTest -->
