<?xml version="1.0" encoding="UTF-8"?>
<!-- Generated by org.testng.reporters.JUnitXMLReporter -->
<testsuite ignored="1" hostname="LAPTOP-P1K0C3AV" failures="0" tests="1" name="Test" time="5.608" errors="0" timestamp="2022-01-09T17:45:20 IST">
  <testcase classname="com.crm.autodesk.concttest.CreateContctTest" name="demo" time="0.008"/>
  <testcase classname="com.crm.autodesk.concttest.CreateContctTest" name="contactCreate" time="0.0">
    <ignored/>
  </testcase> <!-- contactCreate -->
</testsuite> <!-- Test -->
