<?xml version="1.0" encoding="UTF-8"?>
<!-- Generated by org.testng.reporters.JUnitXMLReporter -->
<testsuite ignored="10" hostname="LAPTOP-P1K0C3AV" failures="0" tests="1" name="Test" time="12.017" errors="0" timestamp="2021-12-28T14:05:21 IST">
  <testcase classname="com.crm.autodesk.orgtest.CreateOrgWithIndustriesAndType" name="createOrg" time="6.231"/>
  <testcase classname="com.crm.autodesk.orgtest.CreateOrgTest" name="createOrg" time="0.0">
    <ignored/>
  </testcase> <!-- createOrg -->
  <testcase classname="com.crm.autodesk.concttest.CreateContctTest" name="demo" time="0.0">
    <ignored/>
  </testcase> <!-- demo -->
  <testcase classname="com.crm.autodesk.concttest.AddContactWithOrganisationAndVerify" name="contactWithOrganisation" time="0.0">
    <ignored/>
  </testcase> <!-- contactWithOrganisation -->
  <testcase classname="com.crm.autodesk.genericutility.BaseClass" name="@BeforeSuite dbConnection" time="0.0">
    <ignored/>
  </testcase> <!-- @BeforeSuite dbConnection -->
  <testcase classname="com.crm.autodesk.genericutility.BaseClass" name="@BeforeSuite dbConnection" time="0.0">
    <ignored/>
  </testcase> <!-- @BeforeSuite dbConnection -->
  <testcase classname="com.crm.autodesk.genericutility.BaseClass" name="@BeforeSuite dbConnection" time="0.0">
    <ignored/>
  </testcase> <!-- @BeforeSuite dbConnection -->
  <testcase classname="com.crm.autodesk.concttest.CreateContctTest" name="contactCreate" time="0.0">
    <ignored/>
  </testcase> <!-- contactCreate -->
  <testcase classname="com.crm.autodesk.genericutility.BaseClass" name="@AfterSuite closeDbConnection" time="0.0">
    <ignored/>
  </testcase> <!-- @AfterSuite closeDbConnection -->
  <testcase classname="com.crm.autodesk.genericutility.BaseClass" name="@AfterSuite closeDbConnection" time="0.0">
    <ignored/>
  </testcase> <!-- @AfterSuite closeDbConnection -->
  <testcase classname="com.crm.autodesk.genericutility.BaseClass" name="@AfterSuite closeDbConnection" time="0.0">
    <ignored/>
  </testcase> <!-- @AfterSuite closeDbConnection -->
</testsuite> <!-- Test -->
