<?xml version="1.0" encoding="UTF-8"?>
<!-- Generated by org.testng.reporters.JUnitXMLReporter -->
<testsuite ignored="2" hostname="LAPTOP-P1K0C3AV" failures="0" tests="3" name="TestRunner-1" time="32.675" errors="0" timestamp="2021-12-28T10:13:55 IST">
  <testcase classname="com.crm.autodesk.concttest.CreateContctTest" name="contactCreate" time="6.716"/>
  <testcase classname="com.crm.autodesk.concttest.CreateContctTest" name="demo" time="0.001"/>
  <testcase classname="com.crm.autodesk.concttest.AddContactWithOrganisationAndVerify" name="contactWithOrganisation" time="11.628"/>
  <testcase classname="com.crm.autodesk.genericutility.BaseClass" name="@BeforeSuite dbConnection" time="0.0">
    <ignored/>
  </testcase> <!-- @BeforeSuite dbConnection -->
  <testcase classname="com.crm.autodesk.genericutility.BaseClass" name="@AfterSuite closeDbConnection" time="0.0">
    <ignored/>
  </testcase> <!-- @AfterSuite closeDbConnection -->
</testsuite> <!-- TestRunner-1 -->
