<?xml version="1.0" encoding="UTF-8"?>
<testng-results ignored="13" total="17" passed="3" failed="1" skipped="0">
  <reporter-output>
  </reporter-output>
  <suite started-at="2022-01-09T18:17:00 IST" name="RegressionSuite" finished-at="2022-01-09T18:17:41 IST" duration-ms="40782">
    <groups>
      <group name="RegressionSuite">
        <method signature="AddContactWithOrganisationAndVerify.contactWithOrganisation()[pri:0, instance:com.crm.autodesk.concttest.AddContactWithOrganisationAndVerify@4c1909a3]" name="contactWithOrganisation" class="com.crm.autodesk.concttest.AddContactWithOrganisationAndVerify"/>
        <method signature="ContactTC_15.tc15()[pri:0, instance:com.crm.autodesk.concttest.ContactTC_15@d9345cd]" name="tc15" class="com.crm.autodesk.concttest.ContactTC_15"/>
        <method signature="ContactTC_16.test16()[pri:0, instance:com.crm.autodesk.concttest.ContactTC_16@428640fa]" name="test16" class="com.crm.autodesk.concttest.ContactTC_16"/>
        <method signature="CreateOrgWithIndustriesAndType.createOrg()[pri:0, instance:com.crm.autodesk.orgtest.CreateOrgWithIndustriesAndType@4b0d79fc]" name="createOrg" class="com.crm.autodesk.orgtest.CreateOrgWithIndustriesAndType"/>
      </group> <!-- RegressionSuite -->
    </groups>
    <test started-at="2022-01-09T18:17:00 IST" name="RegresstionTests" finished-at="2022-01-09T18:17:41 IST" duration-ms="40782">
      <class name="com.crm.autodesk.concttest.ContactTC_16">
        <test-method is-config="true" signature="launchBrowser()[pri:0, instance:com.crm.autodesk.concttest.ContactTC_16@428640fa]" started-at="2022-01-09T18:17:23 IST" name="launchBrowser" finished-at="2022-01-09T18:17:24 IST" duration-ms="1305" status="PASS">
          <reporter-output>
          </reporter-output>
        </test-method> <!-- launchBrowser -->
        <test-method is-config="true" signature="loginToApp()[pri:0, instance:com.crm.autodesk.concttest.ContactTC_16@428640fa]" started-at="2022-01-09T18:17:24 IST" name="loginToApp" finished-at="2022-01-09T18:17:26 IST" duration-ms="1450" status="PASS">
          <reporter-output>
          </reporter-output>
        </test-method> <!-- loginToApp -->
        <test-method signature="test16()[pri:0, instance:com.crm.autodesk.concttest.ContactTC_16@428640fa]" started-at="2022-01-09T18:17:26 IST" name="test16" finished-at="2022-01-09T18:17:29 IST" duration-ms="2915" status="PASS">
          <reporter-output>
          </reporter-output>
        </test-method> <!-- test16 -->
        <test-method is-config="true" signature="logOutOfApp()[pri:0, instance:com.crm.autodesk.concttest.ContactTC_16@428640fa]" started-at="2022-01-09T18:17:29 IST" name="logOutOfApp" finished-at="2022-01-09T18:17:29 IST" duration-ms="827" status="PASS">
          <reporter-output>
          </reporter-output>
        </test-method> <!-- logOutOfApp -->
        <test-method is-config="true" signature="closeBrowser()[pri:0, instance:com.crm.autodesk.concttest.ContactTC_16@428640fa]" started-at="2022-01-09T18:17:29 IST" name="closeBrowser" finished-at="2022-01-09T18:17:30 IST" duration-ms="52" status="PASS">
          <reporter-output>
          </reporter-output>
        </test-method> <!-- closeBrowser -->
      </class> <!-- com.crm.autodesk.concttest.ContactTC_16 -->
      <class name="com.crm.autodesk.concttest.ContactTC_15">
        <test-method is-config="true" signature="launchBrowser()[pri:0, instance:com.crm.autodesk.concttest.ContactTC_15@d9345cd]" started-at="2022-01-09T18:17:30 IST" name="launchBrowser" finished-at="2022-01-09T18:17:31 IST" duration-ms="1428" status="PASS">
          <reporter-output>
          </reporter-output>
        </test-method> <!-- launchBrowser -->
        <test-method is-config="true" signature="loginToApp()[pri:0, instance:com.crm.autodesk.concttest.ContactTC_15@d9345cd]" started-at="2022-01-09T18:17:31 IST" name="loginToApp" finished-at="2022-01-09T18:17:32 IST" duration-ms="1501" status="PASS">
          <reporter-output>
          </reporter-output>
        </test-method> <!-- loginToApp -->
        <test-method signature="tc15()[pri:0, instance:com.crm.autodesk.concttest.ContactTC_15@d9345cd]" started-at="2022-01-09T18:17:32 IST" name="tc15" finished-at="2022-01-09T18:17:40 IST" duration-ms="7233" status="PASS">
          <reporter-output>
          </reporter-output>
        </test-method> <!-- tc15 -->
        <test-method is-config="true" signature="logOutOfApp()[pri:0, instance:com.crm.autodesk.concttest.ContactTC_15@d9345cd]" started-at="2022-01-09T18:17:40 IST" name="logOutOfApp" finished-at="2022-01-09T18:17:41 IST" duration-ms="1523" status="PASS">
          <reporter-output>
          </reporter-output>
        </test-method> <!-- logOutOfApp -->
        <test-method is-config="true" signature="closeBrowser()[pri:0, instance:com.crm.autodesk.concttest.ContactTC_15@d9345cd]" started-at="2022-01-09T18:17:41 IST" name="closeBrowser" finished-at="2022-01-09T18:17:41 IST" duration-ms="51" status="PASS">
          <reporter-output>
          </reporter-output>
        </test-method> <!-- closeBrowser -->
      </class> <!-- com.crm.autodesk.concttest.ContactTC_15 -->
      <class name="com.crm.autodesk.concttest.AddContactWithOrganisationAndVerify">
        <test-method is-config="true" signature="launchBrowser()[pri:0, instance:com.crm.autodesk.concttest.AddContactWithOrganisationAndVerify@4c1909a3]" started-at="2022-01-09T18:17:08 IST" name="launchBrowser" finished-at="2022-01-09T18:17:09 IST" duration-ms="1358" status="PASS">
          <reporter-output>
          </reporter-output>
        </test-method> <!-- launchBrowser -->
        <test-method is-config="true" signature="loginToApp()[pri:0, instance:com.crm.autodesk.concttest.AddContactWithOrganisationAndVerify@4c1909a3]" started-at="2022-01-09T18:17:09 IST" name="loginToApp" finished-at="2022-01-09T18:17:10 IST" duration-ms="1477" status="PASS">
          <reporter-output>
          </reporter-output>
        </test-method> <!-- loginToApp -->
        <test-method signature="contactWithOrganisation()[pri:0, instance:com.crm.autodesk.concttest.AddContactWithOrganisationAndVerify@4c1909a3]" started-at="2022-01-09T18:17:10 IST" name="contactWithOrganisation" finished-at="2022-01-09T18:17:22 IST" duration-ms="11667" status="PASS">
          <reporter-output>
          </reporter-output>
        </test-method> <!-- contactWithOrganisation -->
        <test-method is-config="true" signature="logOutOfApp()[pri:0, instance:com.crm.autodesk.concttest.AddContactWithOrganisationAndVerify@4c1909a3]" started-at="2022-01-09T18:17:22 IST" name="logOutOfApp" finished-at="2022-01-09T18:17:23 IST" duration-ms="862" status="PASS">
          <reporter-output>
          </reporter-output>
        </test-method> <!-- logOutOfApp -->
        <test-method is-config="true" signature="closeBrowser()[pri:0, instance:com.crm.autodesk.concttest.AddContactWithOrganisationAndVerify@4c1909a3]" started-at="2022-01-09T18:17:23 IST" name="closeBrowser" finished-at="2022-01-09T18:17:23 IST" duration-ms="44" status="PASS">
          <reporter-output>
          </reporter-output>
        </test-method> <!-- closeBrowser -->
      </class> <!-- com.crm.autodesk.concttest.AddContactWithOrganisationAndVerify -->
      <class name="com.crm.autodesk.concttest.CreateContctTest">
        <test-method is-config="true" signature="dbConnection()[pri:0, instance:com.crm.autodesk.concttest.CreateContctTest@26e356f0]" started-at="2022-01-09T18:17:00 IST" name="dbConnection" finished-at="2022-01-09T18:17:00 IST" duration-ms="8" status="PASS">
          <reporter-output>
          </reporter-output>
        </test-method> <!-- dbConnection -->
        <test-method is-config="true" signature="closeDbConnection()[pri:0, instance:com.crm.autodesk.concttest.CreateContctTest@26e356f0]" started-at="2022-01-09T18:17:41 IST" name="closeDbConnection" finished-at="2022-01-09T18:17:41 IST" duration-ms="0" status="PASS">
          <reporter-output>
          </reporter-output>
        </test-method> <!-- closeDbConnection -->
      </class> <!-- com.crm.autodesk.concttest.CreateContctTest -->
      <class name="com.crm.autodesk.orgtest.CreateOrgWithIndustriesAndType">
        <test-method is-config="true" signature="launchBrowser()[pri:0, instance:com.crm.autodesk.orgtest.CreateOrgWithIndustriesAndType@4b0d79fc]" started-at="2022-01-09T18:17:00 IST" name="launchBrowser" finished-at="2022-01-09T18:17:02 IST" duration-ms="1739" status="PASS">
          <reporter-output>
          </reporter-output>
        </test-method> <!-- launchBrowser -->
        <test-method is-config="true" signature="loginToApp()[pri:0, instance:com.crm.autodesk.orgtest.CreateOrgWithIndustriesAndType@4b0d79fc]" started-at="2022-01-09T18:17:02 IST" name="loginToApp" finished-at="2022-01-09T18:17:04 IST" duration-ms="1482" status="PASS">
          <reporter-output>
          </reporter-output>
        </test-method> <!-- loginToApp -->
        <test-method signature="createOrg()[pri:0, instance:com.crm.autodesk.orgtest.CreateOrgWithIndustriesAndType@4b0d79fc]" started-at="2022-01-09T18:17:04 IST" name="createOrg" finished-at="2022-01-09T18:17:06 IST" duration-ms="2714" status="FAIL">
          <exception class="java.lang.AssertionError">
            <message>
              <![CDATA[My Damn Wish]]>
            </message>
            <full-stacktrace>
              <![CDATA[java.lang.AssertionError: My Damn Wish
at org.testng.Assert.fail(Assert.java:99)
at com.crm.autodesk.orgtest.CreateOrgWithIndustriesAndType.createOrg(CreateOrgWithIndustriesAndType.java:39)
at java.base/jdk.internal.reflect.NativeMethodAccessorImpl.invoke0(Native Method)
at java.base/jdk.internal.reflect.NativeMethodAccessorImpl.invoke(NativeMethodAccessorImpl.java:78)
at java.base/jdk.internal.reflect.DelegatingMethodAccessorImpl.invoke(DelegatingMethodAccessorImpl.java:43)
at java.base/java.lang.reflect.Method.invoke(Method.java:567)
at org.testng.internal.MethodInvocationHelper.invokeMethod(MethodInvocationHelper.java:133)
at org.testng.internal.TestInvoker.invokeMethod(TestInvoker.java:598)
at org.testng.internal.TestInvoker.invokeTestMethod(TestInvoker.java:173)
at org.testng.internal.MethodRunner.runInSequence(MethodRunner.java:46)
at org.testng.internal.TestInvoker$MethodInvocationAgent.invoke(TestInvoker.java:824)
at org.testng.internal.TestInvoker.invokeTestMethods(TestInvoker.java:146)
at org.testng.internal.TestMethodWorker.invokeTestMethods(TestMethodWorker.java:146)
at org.testng.internal.TestMethodWorker.run(TestMethodWorker.java:128)
at java.base/java.util.ArrayList.forEach(ArrayList.java:1511)
at org.testng.TestRunner.privateRun(TestRunner.java:794)
at org.testng.TestRunner.run(TestRunner.java:596)
at org.testng.SuiteRunner.runTest(SuiteRunner.java:377)
at org.testng.SuiteRunner.runSequentially(SuiteRunner.java:371)
at org.testng.SuiteRunner.privateRun(SuiteRunner.java:332)
at org.testng.SuiteRunner.run(SuiteRunner.java:276)
at org.testng.SuiteRunnerWorker.runSuite(SuiteRunnerWorker.java:53)
at org.testng.SuiteRunnerWorker.run(SuiteRunnerWorker.java:96)
at org.testng.TestNG.runSuitesSequentially(TestNG.java:1212)
at org.testng.TestNG.runSuitesLocally(TestNG.java:1134)
at org.testng.TestNG.runSuites(TestNG.java:1063)
at org.testng.TestNG.run(TestNG.java:1031)
at org.testng.remote.AbstractRemoteTestNG.run(AbstractRemoteTestNG.java:115)
at org.testng.remote.RemoteTestNG.initAndRun(RemoteTestNG.java:251)
at org.testng.remote.RemoteTestNG.main(RemoteTestNG.java:77)
]]>
            </full-stacktrace>
          </exception> <!-- java.lang.AssertionError -->
          <reporter-output>
          </reporter-output>
        </test-method> <!-- createOrg -->
        <test-method is-config="true" signature="logOutOfApp()[pri:0, instance:com.crm.autodesk.orgtest.CreateOrgWithIndustriesAndType@4b0d79fc]" started-at="2022-01-09T18:17:07 IST" name="logOutOfApp" finished-at="2022-01-09T18:17:08 IST" duration-ms="863" status="PASS">
          <reporter-output>
          </reporter-output>
        </test-method> <!-- logOutOfApp -->
        <test-method is-config="true" signature="closeBrowser()[pri:0, instance:com.crm.autodesk.orgtest.CreateOrgWithIndustriesAndType@4b0d79fc]" started-at="2022-01-09T18:17:08 IST" name="closeBrowser" finished-at="2022-01-09T18:17:08 IST" duration-ms="53" status="PASS">
          <reporter-output>
          </reporter-output>
        </test-method> <!-- closeBrowser -->
      </class> <!-- com.crm.autodesk.orgtest.CreateOrgWithIndustriesAndType -->
    </test> <!-- RegresstionTests -->
  </suite> <!-- RegressionSuite -->
</testng-results>
